2025-03-20 11:01:50 - INFO - [main] com.example.AddressBookApp.AddressBookAppApplication : Starting AddressBookAppApplication using Java 23.0.2 with PID 368 (C:\Users\deves\Documents\Spring Boot\SpringBoot-Initializer5\AddressBookApp\target\classes started by deves in C:\Users\deves\Documents\Spring Boot\SpringBoot-Initializer5\AddressBookApp)
2025-03-20 11:01:50 - DEBUG - [main] com.example.AddressBookApp.AddressBookAppApplication : Running with Spring Boot v3.2.3, Spring v6.1.4
2025-03-20 11:01:50 - INFO - [main] com.example.AddressBookApp.AddressBookAppApplication : The following 1 profile is active: "dev"
2025-03-20 11:01:51 - INFO - [main] org.springframework.data.repository.config.RepositoryConfigurationDelegate : Multiple Spring Data modules found, entering strict repository configuration mode
2025-03-20 11:01:51 - INFO - [main] org.springframework.data.repository.config.RepositoryConfigurationDelegate : Bootstrapping Spring Data JPA repositories in DEFAULT mode.
2025-03-20 11:01:51 - INFO - [main] org.springframework.data.repository.config.RepositoryConfigurationDelegate : Finished Spring Data repository scanning in 207 ms. Found 2 JPA repository interfaces.
2025-03-20 11:01:52 - INFO - [main] org.springframework.data.repository.config.RepositoryConfigurationDelegate : Multiple Spring Data modules found, entering strict repository configuration mode
2025-03-20 11:01:52 - INFO - [main] org.springframework.data.repository.config.RepositoryConfigurationDelegate : Bootstrapping Spring Data Redis repositories in DEFAULT mode.
2025-03-20 11:01:52 - INFO - [main] org.springframework.data.repository.config.RepositoryConfigurationExtensionSupport : Spring Data Redis - Could not safely identify store assignment for repository candidate interface com.example.AddressBookApp.repository.ContactRepository; If you want this repository to be a Redis repository, consider annotating your entities with one of these annotations: org.springframework.data.redis.core.RedisHash (preferred), or consider extending one of the following types with your repository: org.springframework.data.keyvalue.repository.KeyValueRepository
2025-03-20 11:01:52 - INFO - [main] org.springframework.data.repository.config.RepositoryConfigurationExtensionSupport : Spring Data Redis - Could not safely identify store assignment for repository candidate interface com.example.AddressBookApp.repository.UserRepository; If you want this repository to be a Redis repository, consider annotating your entities with one of these annotations: org.springframework.data.redis.core.RedisHash (preferred), or consider extending one of the following types with your repository: org.springframework.data.keyvalue.repository.KeyValueRepository
2025-03-20 11:01:52 - INFO - [main] org.springframework.data.repository.config.RepositoryConfigurationDelegate : Finished Spring Data repository scanning in 21 ms. Found 0 Redis repository interfaces.
2025-03-20 11:01:53 - INFO - [main] org.springframework.boot.web.embedded.tomcat.TomcatWebServer : Tomcat initialized with port 8080 (http)
2025-03-20 11:01:53 - INFO - [main] org.apache.catalina.core.StandardService : Starting service [Tomcat]
2025-03-20 11:01:53 - INFO - [main] org.apache.catalina.core.StandardEngine : Starting Servlet engine: [Apache Tomcat/10.1.19]
2025-03-20 11:01:53 - INFO - [main] org.apache.catalina.core.ContainerBase.[Tomcat].[localhost].[/] : Initializing Spring embedded WebApplicationContext
2025-03-20 11:01:53 - INFO - [main] org.springframework.boot.web.servlet.context.ServletWebServerApplicationContext : Root WebApplicationContext: initialization completed in 2535 ms
2025-03-20 11:01:53 - INFO - [main] org.hibernate.jpa.internal.util.LogHelper : HHH000204: Processing PersistenceUnitInfo [name: default]
2025-03-20 11:01:53 - INFO - [main] org.hibernate.Version : HHH000412: Hibernate ORM core version 6.4.4.Final
2025-03-20 11:01:53 - INFO - [main] org.hibernate.cache.internal.RegionFactoryInitiator : HHH000026: Second-level cache disabled
2025-03-20 11:01:54 - INFO - [main] org.springframework.orm.jpa.persistenceunit.SpringPersistenceUnitInfo : No LoadTimeWeaver setup: ignoring JPA class transformer
2025-03-20 11:01:54 - INFO - [main] com.zaxxer.hikari.HikariDataSource : HikariPool-1 - Starting...
2025-03-20 11:01:55 - ERROR - [main] com.zaxxer.hikari.pool.HikariPool : HikariPool-1 - Exception during pool initialization.
java.sql.SQLSyntaxErrorException: Unknown database 'contactstest'
	at com.mysql.cj.jdbc.exceptions.SQLError.createSQLException(SQLError.java:121)
	at com.mysql.cj.jdbc.exceptions.SQLExceptionsMapping.translateException(SQLExceptionsMapping.java:122)
	at com.mysql.cj.jdbc.ConnectionImpl.createNewIO(ConnectionImpl.java:815)
	at com.mysql.cj.jdbc.ConnectionImpl.<init>(ConnectionImpl.java:438)
	at com.mysql.cj.jdbc.ConnectionImpl.getInstance(ConnectionImpl.java:241)
	at com.mysql.cj.jdbc.NonRegisteringDriver.connect(NonRegisteringDriver.java:189)
	at com.zaxxer.hikari.util.DriverDataSource.getConnection(DriverDataSource.java:138)
	at com.zaxxer.hikari.pool.PoolBase.newConnection(PoolBase.java:359)
	at com.zaxxer.hikari.pool.PoolBase.newPoolEntry(PoolBase.java:201)
	at com.zaxxer.hikari.pool.HikariPool.createPoolEntry(HikariPool.java:470)
	at com.zaxxer.hikari.pool.HikariPool.checkFailFast(HikariPool.java:561)
	at com.zaxxer.hikari.pool.HikariPool.<init>(HikariPool.java:100)
	at com.zaxxer.hikari.HikariDataSource.getConnection(HikariDataSource.java:112)
	at org.hibernate.engine.jdbc.connections.internal.DatasourceConnectionProviderImpl.getConnection(DatasourceConnectionProviderImpl.java:122)
	at org.hibernate.engine.jdbc.env.internal.JdbcEnvironmentInitiator$ConnectionProviderJdbcConnectionAccess.obtainConnection(JdbcEnvironmentInitiator.java:428)
	at org.hibernate.resource.transaction.backend.jdbc.internal.JdbcIsolationDelegate.delegateWork(JdbcIsolationDelegate.java:61)
	at org.hibernate.engine.jdbc.env.internal.JdbcEnvironmentInitiator.getJdbcEnvironmentUsingJdbcMetadata(JdbcEnvironmentInitiator.java:276)
	at org.hibernate.engine.jdbc.env.internal.JdbcEnvironmentInitiator.initiateService(JdbcEnvironmentInitiator.java:107)
	at org.hibernate.engine.jdbc.env.internal.JdbcEnvironmentInitiator.initiateService(JdbcEnvironmentInitiator.java:68)
	at org.hibernate.boot.registry.internal.StandardServiceRegistryImpl.initiateService(StandardServiceRegistryImpl.java:130)
	at org.hibernate.service.internal.AbstractServiceRegistryImpl.createService(AbstractServiceRegistryImpl.java:263)
	at org.hibernate.service.internal.AbstractServiceRegistryImpl.initializeService(AbstractServiceRegistryImpl.java:238)
	at org.hibernate.service.internal.AbstractServiceRegistryImpl.getService(AbstractServiceRegistryImpl.java:215)
	at org.hibernate.boot.model.relational.Database.<init>(Database.java:45)
	at org.hibernate.boot.internal.InFlightMetadataCollectorImpl.getDatabase(InFlightMetadataCollectorImpl.java:223)
	at org.hibernate.boot.internal.InFlightMetadataCollectorImpl.<init>(InFlightMetadataCollectorImpl.java:191)
	at org.hibernate.boot.model.process.spi.MetadataBuildingProcess.complete(MetadataBuildingProcess.java:170)
	at org.hibernate.jpa.boot.internal.EntityManagerFactoryBuilderImpl.metadata(EntityManagerFactoryBuilderImpl.java:1432)
	at org.hibernate.jpa.boot.internal.EntityManagerFactoryBuilderImpl.build(EntityManagerFactoryBuilderImpl.java:1503)
	at org.springframework.orm.jpa.vendor.SpringHibernateJpaPersistenceProvider.createContainerEntityManagerFactory(SpringHibernateJpaPersistenceProvider.java:75)
	at org.springframework.orm.jpa.LocalContainerEntityManagerFactoryBean.createNativeEntityManagerFactory(LocalContainerEntityManagerFactoryBean.java:388)
	at org.springframework.orm.jpa.AbstractEntityManagerFactoryBean.buildNativeEntityManagerFactory(AbstractEntityManagerFactoryBean.java:409)
	at org.springframework.orm.jpa.AbstractEntityManagerFactoryBean.afterPropertiesSet(AbstractEntityManagerFactoryBean.java:396)
	at org.springframework.orm.jpa.LocalContainerEntityManagerFactoryBean.afterPropertiesSet(LocalContainerEntityManagerFactoryBean.java:364)
	at org.springframework.beans.factory.support.AbstractAutowireCapableBeanFactory.invokeInitMethods(AbstractAutowireCapableBeanFactory.java:1833)
	at org.springframework.beans.factory.support.AbstractAutowireCapableBeanFactory.initializeBean(AbstractAutowireCapableBeanFactory.java:1782)
	at org.springframework.beans.factory.support.AbstractAutowireCapableBeanFactory.doCreateBean(AbstractAutowireCapableBeanFactory.java:600)
	at org.springframework.beans.factory.support.AbstractAutowireCapableBeanFactory.createBean(AbstractAutowireCapableBeanFactory.java:522)
	at org.springframework.beans.factory.support.AbstractBeanFactory.lambda$doGetBean$0(AbstractBeanFactory.java:325)
	at org.springframework.beans.factory.support.DefaultSingletonBeanRegistry.getSingleton(DefaultSingletonBeanRegistry.java:234)
	at org.springframework.beans.factory.support.AbstractBeanFactory.doGetBean(AbstractBeanFactory.java:323)
	at org.springframework.beans.factory.support.AbstractBeanFactory.getBean(AbstractBeanFactory.java:199)
	at org.springframework.context.support.AbstractApplicationContext.getBean(AbstractApplicationContext.java:1231)
	at org.springframework.context.support.AbstractApplicationContext.finishBeanFactoryInitialization(AbstractApplicationContext.java:949)
	at org.springframework.context.support.AbstractApplicationContext.refresh(AbstractApplicationContext.java:624)
	at org.springframework.boot.web.servlet.context.ServletWebServerApplicationContext.refresh(ServletWebServerApplicationContext.java:146)
	at org.springframework.boot.SpringApplication.refresh(SpringApplication.java:754)
	at org.springframework.boot.SpringApplication.refreshContext(SpringApplication.java:456)
	at org.springframework.boot.SpringApplication.run(SpringApplication.java:334)
	at org.springframework.boot.SpringApplication.run(SpringApplication.java:1354)
	at org.springframework.boot.SpringApplication.run(SpringApplication.java:1343)
	at com.example.AddressBookApp.AddressBookAppApplication.main(AddressBookAppApplication.java:15)
2025-03-20 11:01:55 - WARN - [main] org.hibernate.engine.jdbc.env.internal.JdbcEnvironmentInitiator : HHH000342: Could not obtain connection to query metadata
java.lang.NullPointerException: Cannot invoke "org.hibernate.engine.jdbc.spi.SqlExceptionHelper.convert(java.sql.SQLException, String)" because the return value of "org.hibernate.resource.transaction.backend.jdbc.internal.JdbcIsolationDelegate.sqlExceptionHelper()" is null
	at org.hibernate.resource.transaction.backend.jdbc.internal.JdbcIsolationDelegate.delegateWork(JdbcIsolationDelegate.java:116)
	at org.hibernate.engine.jdbc.env.internal.JdbcEnvironmentInitiator.getJdbcEnvironmentUsingJdbcMetadata(JdbcEnvironmentInitiator.java:276)
	at org.hibernate.engine.jdbc.env.internal.JdbcEnvironmentInitiator.initiateService(JdbcEnvironmentInitiator.java:107)
	at org.hibernate.engine.jdbc.env.internal.JdbcEnvironmentInitiator.initiateService(JdbcEnvironmentInitiator.java:68)
	at org.hibernate.boot.registry.internal.StandardServiceRegistryImpl.initiateService(StandardServiceRegistryImpl.java:130)
	at org.hibernate.service.internal.AbstractServiceRegistryImpl.createService(AbstractServiceRegistryImpl.java:263)
	at org.hibernate.service.internal.AbstractServiceRegistryImpl.initializeService(AbstractServiceRegistryImpl.java:238)
	at org.hibernate.service.internal.AbstractServiceRegistryImpl.getService(AbstractServiceRegistryImpl.java:215)
	at org.hibernate.boot.model.relational.Database.<init>(Database.java:45)
	at org.hibernate.boot.internal.InFlightMetadataCollectorImpl.getDatabase(InFlightMetadataCollectorImpl.java:223)
	at org.hibernate.boot.internal.InFlightMetadataCollectorImpl.<init>(InFlightMetadataCollectorImpl.java:191)
	at org.hibernate.boot.model.process.spi.MetadataBuildingProcess.complete(MetadataBuildingProcess.java:170)
	at org.hibernate.jpa.boot.internal.EntityManagerFactoryBuilderImpl.metadata(EntityManagerFactoryBuilderImpl.java:1432)
	at org.hibernate.jpa.boot.internal.EntityManagerFactoryBuilderImpl.build(EntityManagerFactoryBuilderImpl.java:1503)
	at org.springframework.orm.jpa.vendor.SpringHibernateJpaPersistenceProvider.createContainerEntityManagerFactory(SpringHibernateJpaPersistenceProvider.java:75)
	at org.springframework.orm.jpa.LocalContainerEntityManagerFactoryBean.createNativeEntityManagerFactory(LocalContainerEntityManagerFactoryBean.java:388)
	at org.springframework.orm.jpa.AbstractEntityManagerFactoryBean.buildNativeEntityManagerFactory(AbstractEntityManagerFactoryBean.java:409)
	at org.springframework.orm.jpa.AbstractEntityManagerFactoryBean.afterPropertiesSet(AbstractEntityManagerFactoryBean.java:396)
	at org.springframework.orm.jpa.LocalContainerEntityManagerFactoryBean.afterPropertiesSet(LocalContainerEntityManagerFactoryBean.java:364)
	at org.springframework.beans.factory.support.AbstractAutowireCapableBeanFactory.invokeInitMethods(AbstractAutowireCapableBeanFactory.java:1833)
	at org.springframework.beans.factory.support.AbstractAutowireCapableBeanFactory.initializeBean(AbstractAutowireCapableBeanFactory.java:1782)
	at org.springframework.beans.factory.support.AbstractAutowireCapableBeanFactory.doCreateBean(AbstractAutowireCapableBeanFactory.java:600)
	at org.springframework.beans.factory.support.AbstractAutowireCapableBeanFactory.createBean(AbstractAutowireCapableBeanFactory.java:522)
	at org.springframework.beans.factory.support.AbstractBeanFactory.lambda$doGetBean$0(AbstractBeanFactory.java:325)
	at org.springframework.beans.factory.support.DefaultSingletonBeanRegistry.getSingleton(DefaultSingletonBeanRegistry.java:234)
	at org.springframework.beans.factory.support.AbstractBeanFactory.doGetBean(AbstractBeanFactory.java:323)
	at org.springframework.beans.factory.support.AbstractBeanFactory.getBean(AbstractBeanFactory.java:199)
	at org.springframework.context.support.AbstractApplicationContext.getBean(AbstractApplicationContext.java:1231)
	at org.springframework.context.support.AbstractApplicationContext.finishBeanFactoryInitialization(AbstractApplicationContext.java:949)
	at org.springframework.context.support.AbstractApplicationContext.refresh(AbstractApplicationContext.java:624)
	at org.springframework.boot.web.servlet.context.ServletWebServerApplicationContext.refresh(ServletWebServerApplicationContext.java:146)
	at org.springframework.boot.SpringApplication.refresh(SpringApplication.java:754)
	at org.springframework.boot.SpringApplication.refreshContext(SpringApplication.java:456)
	at org.springframework.boot.SpringApplication.run(SpringApplication.java:334)
	at org.springframework.boot.SpringApplication.run(SpringApplication.java:1354)
	at org.springframework.boot.SpringApplication.run(SpringApplication.java:1343)
	at com.example.AddressBookApp.AddressBookAppApplication.main(AddressBookAppApplication.java:15)
2025-03-20 11:01:56 - WARN - [main] org.hibernate.orm.deprecation : HHH90000025: MySQLDialect does not need to be specified explicitly using 'hibernate.dialect' (remove the property setting and it will be selected by default)
2025-03-20 11:01:57 - INFO - [main] org.hibernate.engine.transaction.jta.platform.internal.JtaPlatformInitiator : HHH000489: No JTA platform available (set 'hibernate.transaction.jta.platform' to enable JTA platform integration)
2025-03-20 11:01:57 - INFO - [main] com.zaxxer.hikari.HikariDataSource : HikariPool-1 - Starting...
2025-03-20 11:01:58 - ERROR - [main] com.zaxxer.hikari.pool.HikariPool : HikariPool-1 - Exception during pool initialization.
java.sql.SQLSyntaxErrorException: Unknown database 'contactstest'
	at com.mysql.cj.jdbc.exceptions.SQLError.createSQLException(SQLError.java:121)
	at com.mysql.cj.jdbc.exceptions.SQLExceptionsMapping.translateException(SQLExceptionsMapping.java:122)
	at com.mysql.cj.jdbc.ConnectionImpl.createNewIO(ConnectionImpl.java:815)
	at com.mysql.cj.jdbc.ConnectionImpl.<init>(ConnectionImpl.java:438)
	at com.mysql.cj.jdbc.ConnectionImpl.getInstance(ConnectionImpl.java:241)
	at com.mysql.cj.jdbc.NonRegisteringDriver.connect(NonRegisteringDriver.java:189)
	at com.zaxxer.hikari.util.DriverDataSource.getConnection(DriverDataSource.java:138)
	at com.zaxxer.hikari.pool.PoolBase.newConnection(PoolBase.java:359)
	at com.zaxxer.hikari.pool.PoolBase.newPoolEntry(PoolBase.java:201)
	at com.zaxxer.hikari.pool.HikariPool.createPoolEntry(HikariPool.java:470)
	at com.zaxxer.hikari.pool.HikariPool.checkFailFast(HikariPool.java:561)
	at com.zaxxer.hikari.pool.HikariPool.<init>(HikariPool.java:100)
	at com.zaxxer.hikari.HikariDataSource.getConnection(HikariDataSource.java:112)
	at org.hibernate.engine.jdbc.connections.internal.DatasourceConnectionProviderImpl.getConnection(DatasourceConnectionProviderImpl.java:122)
	at org.hibernate.engine.jdbc.env.internal.JdbcEnvironmentInitiator$ConnectionProviderJdbcConnectionAccess.obtainConnection(JdbcEnvironmentInitiator.java:428)
	at org.hibernate.resource.transaction.backend.jdbc.internal.DdlTransactionIsolatorNonJtaImpl.getIsolatedConnection(DdlTransactionIsolatorNonJtaImpl.java:46)
	at org.hibernate.resource.transaction.backend.jdbc.internal.DdlTransactionIsolatorNonJtaImpl.getIsolatedConnection(DdlTransactionIsolatorNonJtaImpl.java:39)
	at org.hibernate.tool.schema.internal.exec.ImprovedExtractionContextImpl.getJdbcConnection(ImprovedExtractionContextImpl.java:63)
	at org.hibernate.tool.schema.internal.exec.ImprovedExtractionContextImpl.getJdbcDatabaseMetaData(ImprovedExtractionContextImpl.java:70)
	at org.hibernate.tool.schema.extract.internal.InformationExtractorJdbcDatabaseMetaDataImpl.processTableResultSet(InformationExtractorJdbcDatabaseMetaDataImpl.java:64)
	at org.hibernate.tool.schema.extract.internal.AbstractInformationExtractorImpl.getTables(AbstractInformationExtractorImpl.java:570)
	at org.hibernate.tool.schema.extract.internal.DatabaseInformationImpl.getTablesInformation(DatabaseInformationImpl.java:122)
	at org.hibernate.tool.schema.internal.GroupedSchemaMigratorImpl.performTablesMigration(GroupedSchemaMigratorImpl.java:72)
	at org.hibernate.tool.schema.internal.AbstractSchemaMigrator.performMigration(AbstractSchemaMigrator.java:232)
	at org.hibernate.tool.schema.internal.AbstractSchemaMigrator.doMigration(AbstractSchemaMigrator.java:117)
	at org.hibernate.tool.schema.spi.SchemaManagementToolCoordinator.performDatabaseAction(SchemaManagementToolCoordinator.java:286)
	at org.hibernate.tool.schema.spi.SchemaManagementToolCoordinator.lambda$process$5(SchemaManagementToolCoordinator.java:145)
	at java.base/java.util.HashMap.forEach(HashMap.java:1430)
	at org.hibernate.tool.schema.spi.SchemaManagementToolCoordinator.process(SchemaManagementToolCoordinator.java:142)
	at org.hibernate.boot.internal.SessionFactoryObserverForSchemaExport.sessionFactoryCreated(SessionFactoryObserverForSchemaExport.java:37)
	at org.hibernate.internal.SessionFactoryObserverChain.sessionFactoryCreated(SessionFactoryObserverChain.java:35)
	at org.hibernate.internal.SessionFactoryImpl.<init>(SessionFactoryImpl.java:315)
	at org.hibernate.boot.internal.SessionFactoryBuilderImpl.build(SessionFactoryBuilderImpl.java:450)
	at org.hibernate.jpa.boot.internal.EntityManagerFactoryBuilderImpl.build(EntityManagerFactoryBuilderImpl.java:1507)
	at org.springframework.orm.jpa.vendor.SpringHibernateJpaPersistenceProvider.createContainerEntityManagerFactory(SpringHibernateJpaPersistenceProvider.java:75)
	at org.springframework.orm.jpa.LocalContainerEntityManagerFactoryBean.createNativeEntityManagerFactory(LocalContainerEntityManagerFactoryBean.java:388)
	at org.springframework.orm.jpa.AbstractEntityManagerFactoryBean.buildNativeEntityManagerFactory(AbstractEntityManagerFactoryBean.java:409)
	at org.springframework.orm.jpa.AbstractEntityManagerFactoryBean.afterPropertiesSet(AbstractEntityManagerFactoryBean.java:396)
	at org.springframework.orm.jpa.LocalContainerEntityManagerFactoryBean.afterPropertiesSet(LocalContainerEntityManagerFactoryBean.java:364)
	at org.springframework.beans.factory.support.AbstractAutowireCapableBeanFactory.invokeInitMethods(AbstractAutowireCapableBeanFactory.java:1833)
	at org.springframework.beans.factory.support.AbstractAutowireCapableBeanFactory.initializeBean(AbstractAutowireCapableBeanFactory.java:1782)
	at org.springframework.beans.factory.support.AbstractAutowireCapableBeanFactory.doCreateBean(AbstractAutowireCapableBeanFactory.java:600)
	at org.springframework.beans.factory.support.AbstractAutowireCapableBeanFactory.createBean(AbstractAutowireCapableBeanFactory.java:522)
	at org.springframework.beans.factory.support.AbstractBeanFactory.lambda$doGetBean$0(AbstractBeanFactory.java:325)
	at org.springframework.beans.factory.support.DefaultSingletonBeanRegistry.getSingleton(DefaultSingletonBeanRegistry.java:234)
	at org.springframework.beans.factory.support.AbstractBeanFactory.doGetBean(AbstractBeanFactory.java:323)
	at org.springframework.beans.factory.support.AbstractBeanFactory.getBean(AbstractBeanFactory.java:199)
	at org.springframework.context.support.AbstractApplicationContext.getBean(AbstractApplicationContext.java:1231)
	at org.springframework.context.support.AbstractApplicationContext.finishBeanFactoryInitialization(AbstractApplicationContext.java:949)
	at org.springframework.context.support.AbstractApplicationContext.refresh(AbstractApplicationContext.java:624)
	at org.springframework.boot.web.servlet.context.ServletWebServerApplicationContext.refresh(ServletWebServerApplicationContext.java:146)
	at org.springframework.boot.SpringApplication.refresh(SpringApplication.java:754)
	at org.springframework.boot.SpringApplication.refreshContext(SpringApplication.java:456)
	at org.springframework.boot.SpringApplication.run(SpringApplication.java:334)
	at org.springframework.boot.SpringApplication.run(SpringApplication.java:1354)
	at org.springframework.boot.SpringApplication.run(SpringApplication.java:1343)
	at com.example.AddressBookApp.AddressBookAppApplication.main(AddressBookAppApplication.java:15)
2025-03-20 11:01:58 - WARN - [main] org.hibernate.engine.jdbc.spi.SqlExceptionHelper : SQL Error: 1049, SQLState: 42000
2025-03-20 11:01:58 - ERROR - [main] org.hibernate.engine.jdbc.spi.SqlExceptionHelper : Unknown database 'contactstest'
2025-03-20 11:01:58 - ERROR - [main] org.springframework.orm.jpa.LocalContainerEntityManagerFactoryBean : Failed to initialize JPA EntityManagerFactory: [PersistenceUnit: default] Unable to build Hibernate SessionFactory; nested exception is org.hibernate.exception.SQLGrammarException: Unable to open JDBC Connection for DDL execution [Unknown database 'contactstest'] [n/a]
2025-03-20 11:01:58 - WARN - [main] org.springframework.boot.web.servlet.context.AnnotationConfigServletWebServerApplicationContext : Exception encountered during context initialization - cancelling refresh attempt: org.springframework.beans.factory.BeanCreationException: Error creating bean with name 'entityManagerFactory' defined in class path resource [org/springframework/boot/autoconfigure/orm/jpa/HibernateJpaConfiguration.class]: [PersistenceUnit: default] Unable to build Hibernate SessionFactory; nested exception is org.hibernate.exception.SQLGrammarException: Unable to open JDBC Connection for DDL execution [Unknown database 'contactstest'] [n/a]
2025-03-20 11:01:58 - INFO - [main] org.apache.catalina.core.StandardService : Stopping service [Tomcat]
2025-03-20 11:01:58 - INFO - [main] org.springframework.boot.autoconfigure.logging.ConditionEvaluationReportLogger : 

Error starting ApplicationContext. To display the condition evaluation report re-run your application with 'debug' enabled.
2025-03-20 11:01:58 - ERROR - [main] org.springframework.boot.SpringApplication : Application run failed
org.springframework.beans.factory.BeanCreationException: Error creating bean with name 'entityManagerFactory' defined in class path resource [org/springframework/boot/autoconfigure/orm/jpa/HibernateJpaConfiguration.class]: [PersistenceUnit: default] Unable to build Hibernate SessionFactory; nested exception is org.hibernate.exception.SQLGrammarException: Unable to open JDBC Connection for DDL execution [Unknown database 'contactstest'] [n/a]
	at org.springframework.beans.factory.support.AbstractAutowireCapableBeanFactory.initializeBean(AbstractAutowireCapableBeanFactory.java:1786)
	at org.springframework.beans.factory.support.AbstractAutowireCapableBeanFactory.doCreateBean(AbstractAutowireCapableBeanFactory.java:600)
	at org.springframework.beans.factory.support.AbstractAutowireCapableBeanFactory.createBean(AbstractAutowireCapableBeanFactory.java:522)
	at org.springframework.beans.factory.support.AbstractBeanFactory.lambda$doGetBean$0(AbstractBeanFactory.java:325)
	at org.springframework.beans.factory.support.DefaultSingletonBeanRegistry.getSingleton(DefaultSingletonBeanRegistry.java:234)
	at org.springframework.beans.factory.support.AbstractBeanFactory.doGetBean(AbstractBeanFactory.java:323)
	at org.springframework.beans.factory.support.AbstractBeanFactory.getBean(AbstractBeanFactory.java:199)
	at org.springframework.context.support.AbstractApplicationContext.getBean(AbstractApplicationContext.java:1231)
	at org.springframework.context.support.AbstractApplicationContext.finishBeanFactoryInitialization(AbstractApplicationContext.java:949)
	at org.springframework.context.support.AbstractApplicationContext.refresh(AbstractApplicationContext.java:624)
	at org.springframework.boot.web.servlet.context.ServletWebServerApplicationContext.refresh(ServletWebServerApplicationContext.java:146)
	at org.springframework.boot.SpringApplication.refresh(SpringApplication.java:754)
	at org.springframework.boot.SpringApplication.refreshContext(SpringApplication.java:456)
	at org.springframework.boot.SpringApplication.run(SpringApplication.java:334)
	at org.springframework.boot.SpringApplication.run(SpringApplication.java:1354)
	at org.springframework.boot.SpringApplication.run(SpringApplication.java:1343)
	at com.example.AddressBookApp.AddressBookAppApplication.main(AddressBookAppApplication.java:15)
Caused by: jakarta.persistence.PersistenceException: [PersistenceUnit: default] Unable to build Hibernate SessionFactory; nested exception is org.hibernate.exception.SQLGrammarException: Unable to open JDBC Connection for DDL execution [Unknown database 'contactstest'] [n/a]
	at org.springframework.orm.jpa.AbstractEntityManagerFactoryBean.buildNativeEntityManagerFactory(AbstractEntityManagerFactoryBean.java:421)
	at org.springframework.orm.jpa.AbstractEntityManagerFactoryBean.afterPropertiesSet(AbstractEntityManagerFactoryBean.java:396)
	at org.springframework.orm.jpa.LocalContainerEntityManagerFactoryBean.afterPropertiesSet(LocalContainerEntityManagerFactoryBean.java:364)
	at org.springframework.beans.factory.support.AbstractAutowireCapableBeanFactory.invokeInitMethods(AbstractAutowireCapableBeanFactory.java:1833)
	at org.springframework.beans.factory.support.AbstractAutowireCapableBeanFactory.initializeBean(AbstractAutowireCapableBeanFactory.java:1782)
	... 16 common frames omitted
Caused by: org.hibernate.exception.SQLGrammarException: Unable to open JDBC Connection for DDL execution [Unknown database 'contactstest'] [n/a]
	at org.hibernate.exception.internal.SQLExceptionTypeDelegate.convert(SQLExceptionTypeDelegate.java:66)
	at org.hibernate.exception.internal.StandardSQLExceptionConverter.convert(StandardSQLExceptionConverter.java:58)
	at org.hibernate.engine.jdbc.spi.SqlExceptionHelper.convert(SqlExceptionHelper.java:108)
	at org.hibernate.engine.jdbc.spi.SqlExceptionHelper.convert(SqlExceptionHelper.java:94)
	at org.hibernate.resource.transaction.backend.jdbc.internal.DdlTransactionIsolatorNonJtaImpl.getIsolatedConnection(DdlTransactionIsolatorNonJtaImpl.java:74)
	at org.hibernate.resource.transaction.backend.jdbc.internal.DdlTransactionIsolatorNonJtaImpl.getIsolatedConnection(DdlTransactionIsolatorNonJtaImpl.java:39)
	at org.hibernate.tool.schema.internal.exec.ImprovedExtractionContextImpl.getJdbcConnection(ImprovedExtractionContextImpl.java:63)
	at org.hibernate.tool.schema.internal.exec.ImprovedExtractionContextImpl.getJdbcDatabaseMetaData(ImprovedExtractionContextImpl.java:70)
	at org.hibernate.tool.schema.extract.internal.InformationExtractorJdbcDatabaseMetaDataImpl.processTableResultSet(InformationExtractorJdbcDatabaseMetaDataImpl.java:64)
	at org.hibernate.tool.schema.extract.internal.AbstractInformationExtractorImpl.getTables(AbstractInformationExtractorImpl.java:570)
	at org.hibernate.tool.schema.extract.internal.DatabaseInformationImpl.getTablesInformation(DatabaseInformationImpl.java:122)
	at org.hibernate.tool.schema.internal.GroupedSchemaMigratorImpl.performTablesMigration(GroupedSchemaMigratorImpl.java:72)
	at org.hibernate.tool.schema.internal.AbstractSchemaMigrator.performMigration(AbstractSchemaMigrator.java:232)
	at org.hibernate.tool.schema.internal.AbstractSchemaMigrator.doMigration(AbstractSchemaMigrator.java:117)
	at org.hibernate.tool.schema.spi.SchemaManagementToolCoordinator.performDatabaseAction(SchemaManagementToolCoordinator.java:286)
	at org.hibernate.tool.schema.spi.SchemaManagementToolCoordinator.lambda$process$5(SchemaManagementToolCoordinator.java:145)
	at java.base/java.util.HashMap.forEach(HashMap.java:1430)
	at org.hibernate.tool.schema.spi.SchemaManagementToolCoordinator.process(SchemaManagementToolCoordinator.java:142)
	at org.hibernate.boot.internal.SessionFactoryObserverForSchemaExport.sessionFactoryCreated(SessionFactoryObserverForSchemaExport.java:37)
	at org.hibernate.internal.SessionFactoryObserverChain.sessionFactoryCreated(SessionFactoryObserverChain.java:35)
	at org.hibernate.internal.SessionFactoryImpl.<init>(SessionFactoryImpl.java:315)
	at org.hibernate.boot.internal.SessionFactoryBuilderImpl.build(SessionFactoryBuilderImpl.java:450)
	at org.hibernate.jpa.boot.internal.EntityManagerFactoryBuilderImpl.build(EntityManagerFactoryBuilderImpl.java:1507)
	at org.springframework.orm.jpa.vendor.SpringHibernateJpaPersistenceProvider.createContainerEntityManagerFactory(SpringHibernateJpaPersistenceProvider.java:75)
	at org.springframework.orm.jpa.LocalContainerEntityManagerFactoryBean.createNativeEntityManagerFactory(LocalContainerEntityManagerFactoryBean.java:388)
	at org.springframework.orm.jpa.AbstractEntityManagerFactoryBean.buildNativeEntityManagerFactory(AbstractEntityManagerFactoryBean.java:409)
	... 20 common frames omitted
Caused by: java.sql.SQLSyntaxErrorException: Unknown database 'contactstest'
	at com.mysql.cj.jdbc.exceptions.SQLError.createSQLException(SQLError.java:121)
	at com.mysql.cj.jdbc.exceptions.SQLExceptionsMapping.translateException(SQLExceptionsMapping.java:122)
	at com.mysql.cj.jdbc.ConnectionImpl.createNewIO(ConnectionImpl.java:815)
	at com.mysql.cj.jdbc.ConnectionImpl.<init>(ConnectionImpl.java:438)
	at com.mysql.cj.jdbc.ConnectionImpl.getInstance(ConnectionImpl.java:241)
	at com.mysql.cj.jdbc.NonRegisteringDriver.connect(NonRegisteringDriver.java:189)
	at com.zaxxer.hikari.util.DriverDataSource.getConnection(DriverDataSource.java:138)
	at com.zaxxer.hikari.pool.PoolBase.newConnection(PoolBase.java:359)
	at com.zaxxer.hikari.pool.PoolBase.newPoolEntry(PoolBase.java:201)
	at com.zaxxer.hikari.pool.HikariPool.createPoolEntry(HikariPool.java:470)
	at com.zaxxer.hikari.pool.HikariPool.checkFailFast(HikariPool.java:561)
	at com.zaxxer.hikari.pool.HikariPool.<init>(HikariPool.java:100)
	at com.zaxxer.hikari.HikariDataSource.getConnection(HikariDataSource.java:112)
	at org.hibernate.engine.jdbc.connections.internal.DatasourceConnectionProviderImpl.getConnection(DatasourceConnectionProviderImpl.java:122)
	at org.hibernate.engine.jdbc.env.internal.JdbcEnvironmentInitiator$ConnectionProviderJdbcConnectionAccess.obtainConnection(JdbcEnvironmentInitiator.java:428)
	at org.hibernate.resource.transaction.backend.jdbc.internal.DdlTransactionIsolatorNonJtaImpl.getIsolatedConnection(DdlTransactionIsolatorNonJtaImpl.java:46)
	... 41 common frames omitted
2025-03-20 11:02:34 - INFO - [main] com.example.AddressBookApp.AddressBookAppApplication : Starting AddressBookAppApplication using Java 23.0.2 with PID 21948 (C:\Users\deves\Documents\Spring Boot\SpringBoot-Initializer5\AddressBookApp\target\classes started by deves in C:\Users\deves\Documents\Spring Boot\SpringBoot-Initializer5\AddressBookApp)
2025-03-20 11:02:34 - DEBUG - [main] com.example.AddressBookApp.AddressBookAppApplication : Running with Spring Boot v3.2.3, Spring v6.1.4
2025-03-20 11:02:34 - INFO - [main] com.example.AddressBookApp.AddressBookAppApplication : The following 1 profile is active: "dev"
2025-03-20 11:02:35 - INFO - [main] org.springframework.data.repository.config.RepositoryConfigurationDelegate : Multiple Spring Data modules found, entering strict repository configuration mode
2025-03-20 11:02:35 - INFO - [main] org.springframework.data.repository.config.RepositoryConfigurationDelegate : Bootstrapping Spring Data JPA repositories in DEFAULT mode.
2025-03-20 11:02:35 - INFO - [main] org.springframework.data.repository.config.RepositoryConfigurationDelegate : Finished Spring Data repository scanning in 186 ms. Found 2 JPA repository interfaces.
2025-03-20 11:02:35 - INFO - [main] org.springframework.data.repository.config.RepositoryConfigurationDelegate : Multiple Spring Data modules found, entering strict repository configuration mode
2025-03-20 11:02:35 - INFO - [main] org.springframework.data.repository.config.RepositoryConfigurationDelegate : Bootstrapping Spring Data Redis repositories in DEFAULT mode.
2025-03-20 11:02:35 - INFO - [main] org.springframework.data.repository.config.RepositoryConfigurationExtensionSupport : Spring Data Redis - Could not safely identify store assignment for repository candidate interface com.example.AddressBookApp.repository.ContactRepository; If you want this repository to be a Redis repository, consider annotating your entities with one of these annotations: org.springframework.data.redis.core.RedisHash (preferred), or consider extending one of the following types with your repository: org.springframework.data.keyvalue.repository.KeyValueRepository
2025-03-20 11:02:35 - INFO - [main] org.springframework.data.repository.config.RepositoryConfigurationExtensionSupport : Spring Data Redis - Could not safely identify store assignment for repository candidate interface com.example.AddressBookApp.repository.UserRepository; If you want this repository to be a Redis repository, consider annotating your entities with one of these annotations: org.springframework.data.redis.core.RedisHash (preferred), or consider extending one of the following types with your repository: org.springframework.data.keyvalue.repository.KeyValueRepository
2025-03-20 11:02:35 - INFO - [main] org.springframework.data.repository.config.RepositoryConfigurationDelegate : Finished Spring Data repository scanning in 21 ms. Found 0 Redis repository interfaces.
2025-03-20 11:02:36 - INFO - [main] org.springframework.boot.web.embedded.tomcat.TomcatWebServer : Tomcat initialized with port 8080 (http)
2025-03-20 11:02:36 - INFO - [main] org.apache.catalina.core.StandardService : Starting service [Tomcat]
2025-03-20 11:02:36 - INFO - [main] org.apache.catalina.core.StandardEngine : Starting Servlet engine: [Apache Tomcat/10.1.19]
2025-03-20 11:02:36 - INFO - [main] org.apache.catalina.core.ContainerBase.[Tomcat].[localhost].[/] : Initializing Spring embedded WebApplicationContext
2025-03-20 11:02:36 - INFO - [main] org.springframework.boot.web.servlet.context.ServletWebServerApplicationContext : Root WebApplicationContext: initialization completed in 2393 ms
2025-03-20 11:02:37 - INFO - [main] org.hibernate.jpa.internal.util.LogHelper : HHH000204: Processing PersistenceUnitInfo [name: default]
2025-03-20 11:02:37 - INFO - [main] org.hibernate.Version : HHH000412: Hibernate ORM core version 6.4.4.Final
2025-03-20 11:02:37 - INFO - [main] org.hibernate.cache.internal.RegionFactoryInitiator : HHH000026: Second-level cache disabled
2025-03-20 11:02:37 - INFO - [main] org.springframework.orm.jpa.persistenceunit.SpringPersistenceUnitInfo : No LoadTimeWeaver setup: ignoring JPA class transformer
2025-03-20 11:02:37 - INFO - [main] com.zaxxer.hikari.HikariDataSource : HikariPool-1 - Starting...
2025-03-20 11:02:38 - INFO - [main] com.zaxxer.hikari.pool.HikariPool : HikariPool-1 - Added connection com.mysql.cj.jdbc.ConnectionImpl@70840a5a
2025-03-20 11:02:38 - INFO - [main] com.zaxxer.hikari.HikariDataSource : HikariPool-1 - Start completed.
2025-03-20 11:02:38 - WARN - [main] org.hibernate.orm.deprecation : HHH90000025: MySQLDialect does not need to be specified explicitly using 'hibernate.dialect' (remove the property setting and it will be selected by default)
2025-03-20 11:02:39 - INFO - [main] org.hibernate.engine.transaction.jta.platform.internal.JtaPlatformInitiator : HHH000489: No JTA platform available (set 'hibernate.transaction.jta.platform' to enable JTA platform integration)
2025-03-20 11:02:39 - INFO - [main] org.springframework.orm.jpa.LocalContainerEntityManagerFactoryBean : Initialized JPA EntityManagerFactory for persistence unit 'default'
2025-03-20 11:02:40 - WARN - [main] org.springframework.boot.autoconfigure.orm.jpa.JpaBaseConfiguration$JpaWebConfiguration : spring.jpa.open-in-view is enabled by default. Therefore, database queries may be performed during view rendering. Explicitly configure spring.jpa.open-in-view to disable this warning
2025-03-20 11:02:40 - WARN - [main] org.springframework.boot.autoconfigure.security.servlet.UserDetailsServiceAutoConfiguration : 

Using generated security password: fcb74024-0c60-43f4-a277-29ec9c8adeb8

This generated password is for development use only. Your security configuration must be updated before running your application in production.

2025-03-20 11:02:41 - INFO - [main] org.springframework.security.web.DefaultSecurityFilterChain : Will secure any request with [org.springframework.security.web.session.DisableEncodeUrlFilter@65b17373, org.springframework.security.web.context.request.async.WebAsyncManagerIntegrationFilter@563bf9d2, org.springframework.security.web.context.SecurityContextHolderFilter@7c144349, org.springframework.security.web.header.HeaderWriterFilter@227ae4e4, org.springframework.web.filter.CorsFilter@19305a7c, org.springframework.security.web.authentication.logout.LogoutFilter@1d4ee936, org.springframework.security.web.savedrequest.RequestCacheAwareFilter@3ef7064b, org.springframework.security.web.servletapi.SecurityContextHolderAwareRequestFilter@23bf19c9, org.springframework.security.web.authentication.AnonymousAuthenticationFilter@7e0fc5d0, org.springframework.security.web.access.ExceptionTranslationFilter@1b2213b2, org.springframework.security.web.access.intercept.AuthorizationFilter@30407f28]
2025-03-20 11:02:41 - INFO - [main] org.springframework.boot.web.embedded.tomcat.TomcatWebServer : Tomcat started on port 8080 (http) with context path ''
2025-03-20 11:02:41 - INFO - [main] org.springframework.amqp.rabbit.connection.CachingConnectionFactory : Attempting to connect to: [localhost:5672]
2025-03-20 11:02:41 - INFO - [main] org.springframework.amqp.rabbit.connection.CachingConnectionFactory : Created new connection: rabbitConnectionFactory#7d1b96b9:0/SimpleConnection@6e245068 [delegate=amqp://guest@127.0.0.1:5672/, localPort=50653]
2025-03-20 11:02:41 - INFO - [main] com.example.AddressBookApp.AddressBookAppApplication : Started AddressBookAppApplication in 8.191 seconds (process running for 9.137)
2025-03-20 11:02:46 - INFO - [org.springframework.amqp.rabbit.RabbitListenerEndpointContainer#0-2] org.springframework.amqp.rabbit.listener.SimpleMessageListenerContainer : Waiting for workers to finish.
2025-03-20 11:02:46 - INFO - [org.springframework.amqp.rabbit.RabbitListenerEndpointContainer#0-2] org.springframework.amqp.rabbit.listener.SimpleMessageListenerContainer : Successfully waited for workers to finish.
2025-03-20 11:02:47 - INFO - [SpringApplicationShutdownHook] org.springframework.orm.jpa.LocalContainerEntityManagerFactoryBean : Closing JPA EntityManagerFactory for persistence unit 'default'
2025-03-20 11:02:47 - INFO - [SpringApplicationShutdownHook] com.zaxxer.hikari.HikariDataSource : HikariPool-1 - Shutdown initiated...
2025-03-20 11:02:47 - INFO - [SpringApplicationShutdownHook] com.zaxxer.hikari.HikariDataSource : HikariPool-1 - Shutdown completed.
2025-03-20 11:03:34 - INFO - [main] com.example.AddressBookApp.serviceLayerTest.AuthenticationServiceTest : Starting AuthenticationServiceTest using Java 23.0.2 with PID 2024 (started by deves in C:\Users\deves\Documents\Spring Boot\SpringBoot-Initializer5\AddressBookApp)
2025-03-20 11:03:34 - DEBUG - [main] com.example.AddressBookApp.serviceLayerTest.AuthenticationServiceTest : Running with Spring Boot v3.2.3, Spring v6.1.4
2025-03-20 11:03:34 - INFO - [main] com.example.AddressBookApp.serviceLayerTest.AuthenticationServiceTest : The following 1 profile is active: "test"
2025-03-20 11:03:35 - INFO - [main] org.springframework.data.repository.config.RepositoryConfigurationDelegate : Multiple Spring Data modules found, entering strict repository configuration mode
2025-03-20 11:03:35 - INFO - [main] org.springframework.data.repository.config.RepositoryConfigurationDelegate : Bootstrapping Spring Data JPA repositories in DEFAULT mode.
2025-03-20 11:03:35 - INFO - [main] org.springframework.data.repository.config.RepositoryConfigurationDelegate : Finished Spring Data repository scanning in 189 ms. Found 2 JPA repository interfaces.
2025-03-20 11:03:35 - INFO - [main] org.springframework.data.repository.config.RepositoryConfigurationDelegate : Multiple Spring Data modules found, entering strict repository configuration mode
2025-03-20 11:03:35 - INFO - [main] org.springframework.data.repository.config.RepositoryConfigurationDelegate : Bootstrapping Spring Data Redis repositories in DEFAULT mode.
2025-03-20 11:03:36 - INFO - [main] org.springframework.data.repository.config.RepositoryConfigurationExtensionSupport : Spring Data Redis - Could not safely identify store assignment for repository candidate interface com.example.AddressBookApp.repository.ContactRepository; If you want this repository to be a Redis repository, consider annotating your entities with one of these annotations: org.springframework.data.redis.core.RedisHash (preferred), or consider extending one of the following types with your repository: org.springframework.data.keyvalue.repository.KeyValueRepository
2025-03-20 11:03:36 - INFO - [main] org.springframework.data.repository.config.RepositoryConfigurationExtensionSupport : Spring Data Redis - Could not safely identify store assignment for repository candidate interface com.example.AddressBookApp.repository.UserRepository; If you want this repository to be a Redis repository, consider annotating your entities with one of these annotations: org.springframework.data.redis.core.RedisHash (preferred), or consider extending one of the following types with your repository: org.springframework.data.keyvalue.repository.KeyValueRepository
2025-03-20 11:03:36 - INFO - [main] org.springframework.data.repository.config.RepositoryConfigurationDelegate : Finished Spring Data repository scanning in 26 ms. Found 0 Redis repository interfaces.
2025-03-20 11:03:36 - INFO - [main] org.hibernate.jpa.internal.util.LogHelper : HHH000204: Processing PersistenceUnitInfo [name: default]
2025-03-20 11:03:36 - INFO - [main] org.hibernate.Version : HHH000412: Hibernate ORM core version 6.4.4.Final
2025-03-20 11:03:37 - INFO - [main] org.hibernate.cache.internal.RegionFactoryInitiator : HHH000026: Second-level cache disabled
2025-03-20 11:03:37 - INFO - [main] org.springframework.orm.jpa.persistenceunit.SpringPersistenceUnitInfo : No LoadTimeWeaver setup: ignoring JPA class transformer
2025-03-20 11:03:37 - INFO - [main] com.zaxxer.hikari.HikariDataSource : HikariPool-1 - Starting...
2025-03-20 11:03:38 - INFO - [main] com.zaxxer.hikari.pool.HikariPool : HikariPool-1 - Added connection com.mysql.cj.jdbc.ConnectionImpl@4213bc3e
2025-03-20 11:03:38 - INFO - [main] com.zaxxer.hikari.HikariDataSource : HikariPool-1 - Start completed.
2025-03-20 11:03:38 - WARN - [main] org.hibernate.orm.deprecation : HHH90000025: MySQLDialect does not need to be specified explicitly using 'hibernate.dialect' (remove the property setting and it will be selected by default)
2025-03-20 11:03:39 - INFO - [main] org.hibernate.engine.transaction.jta.platform.internal.JtaPlatformInitiator : HHH000489: No JTA platform available (set 'hibernate.transaction.jta.platform' to enable JTA platform integration)
2025-03-20 11:03:39 - INFO - [main] org.springframework.orm.jpa.LocalContainerEntityManagerFactoryBean : Initialized JPA EntityManagerFactory for persistence unit 'default'
2025-03-20 11:03:41 - WARN - [main] org.springframework.boot.autoconfigure.orm.jpa.JpaBaseConfiguration$JpaWebConfiguration : spring.jpa.open-in-view is enabled by default. Therefore, database queries may be performed during view rendering. Explicitly configure spring.jpa.open-in-view to disable this warning
2025-03-20 11:03:41 - WARN - [main] org.springframework.boot.autoconfigure.security.servlet.UserDetailsServiceAutoConfiguration : 

Using generated security password: 4ff662b9-3597-4c16-b3a2-4658c80cf7cb

This generated password is for development use only. Your security configuration must be updated before running your application in production.

2025-03-20 11:03:41 - INFO - [main] org.springframework.security.web.DefaultSecurityFilterChain : Will secure any request with [org.springframework.security.web.session.DisableEncodeUrlFilter@14ce13fa, org.springframework.security.web.context.request.async.WebAsyncManagerIntegrationFilter@296ddfc7, org.springframework.security.web.context.SecurityContextHolderFilter@556a5e70, org.springframework.security.web.header.HeaderWriterFilter@445adbd7, org.springframework.web.filter.CorsFilter@29aa29f5, org.springframework.security.web.authentication.logout.LogoutFilter@7f5b0926, org.springframework.security.web.savedrequest.RequestCacheAwareFilter@296a350, org.springframework.security.web.servletapi.SecurityContextHolderAwareRequestFilter@4f3a8e3e, org.springframework.security.web.authentication.AnonymousAuthenticationFilter@2a742ee4, org.springframework.security.web.access.ExceptionTranslationFilter@72499396, org.springframework.security.web.access.intercept.AuthorizationFilter@569d7074]
2025-03-20 11:03:42 - INFO - [main] org.springframework.amqp.rabbit.connection.CachingConnectionFactory : Attempting to connect to: [localhost:5672]
2025-03-20 11:03:42 - INFO - [main] org.springframework.amqp.rabbit.connection.CachingConnectionFactory : Created new connection: rabbitConnectionFactory#6db84cae:0/SimpleConnection@7262532a [delegate=amqp://guest@127.0.0.1:5672/, localPort=50701]
2025-03-20 11:03:42 - INFO - [main] com.example.AddressBookApp.serviceLayerTest.AuthenticationServiceTest : Started AuthenticationServiceTest in 8.392 seconds (process running for 10.098)
2025-03-20 11:03:43 - INFO - [main] com.example.AddressBookApp.service.AuthenticationService : all data inside db is deleted
2025-03-20 11:03:43 - INFO - [main] com.example.AddressBookApp.service.AuthenticationService : User saved in database : {"firstName":"DummyFirstName","lastName":"DummyLastName","email":"DummyEmail@gmail.com","password":"DummyPass12#","hashPass":"$2a$10$OcRuD7pad3SWKqwMSE03jObDTqD/PG6YGd0yXmFpe0La/kyFwH9Q6","token":"","id":1}
2025-03-20 11:03:43 - INFO - [main] com.example.AddressBookApp.service.AuthenticationService : User logged in with email DummyEmail@gmail.com
2025-03-20 11:03:43 - INFO - [main] com.example.AddressBookApp.service.AuthenticationService : all data inside db is deleted
2025-03-20 11:03:43 - INFO - [main] com.example.AddressBookApp.service.AuthenticationService : all data inside db is deleted
2025-03-20 11:03:43 - INFO - [main] com.example.AddressBookApp.service.AuthenticationService : User saved in database : {"firstName":"DummyFirstName","lastName":"DummyLastName","email":"DummyEmail@gmail.com","password":"DummyPass12#","hashPass":"$2a$10$W6Ypb5f858zHpEjcD7DRzO3Yea/GHxf.PprarRO.Q/Xi6IuEwCJTe","token":"","id":2}
2025-03-20 11:03:43 - INFO - [main] com.example.AddressBookApp.service.AuthenticationService : User saved in database : {"firstName":"FirstName","lastName":"LastName","email":"TempEmail@gmail.com","password":"Temppass12#","hashPass":"$2a$10$pl1ejP4MzdWpEl8VQTnKduuVTCAxHWhd4fFQw7f1UfEmSFKCYsA.K","token":"","id":3}
2025-03-20 11:03:43 - INFO - [main] com.example.AddressBookApp.service.AuthenticationService : all data inside db is deleted
2025-03-20 11:03:43 - INFO - [main] com.example.AddressBookApp.service.AuthenticationService : all data inside db is deleted
2025-03-20 11:03:43 - INFO - [main] com.example.AddressBookApp.service.AuthenticationService : User saved in database : {"firstName":"DummyFirstName","lastName":"DummyLastName","email":"DummyEmail@gmail.com","password":"DummyPass12#","hashPass":"$2a$10$P/dFgtw0j/vqDEnauU0hh.0.UdPoWEKFltX8sYcEETgySyQu4MXjS","token":"","id":4}
2025-03-20 11:03:43 - INFO - [main] com.example.AddressBookApp.service.AuthenticationService : Hashpassword : $2a$10$f2J2YuV8F2sV0w/VT/3y2OPBusHsFJ1vymEHVOEQHyISIt.wuOG2. for password : NewPass12# saved for user : {"firstName":"DummyFirstName","lastName":"DummyLastName","email":"DummyEmail@gmail.com","password":"NewPass12#","hashPass":"$2a$10$f2J2YuV8F2sV0w/VT/3y2OPBusHsFJ1vymEHVOEQHyISIt.wuOG2.","token":"","id":4}
2025-03-20 11:03:43 - INFO - [main] com.example.AddressBookApp.service.AuthenticationService : all data inside db is deleted
2025-03-20 11:03:43 - INFO - [main] com.example.AddressBookApp.service.AuthenticationService : all data inside db is deleted
2025-03-20 11:03:44 - INFO - [main] com.example.AddressBookApp.service.AuthenticationService : User saved in database : {"firstName":"DummyFirstName","lastName":"DummyLastName","email":"DummyEmail@gmail.com","password":"DummyPass12#","hashPass":"$2a$10$yWvc7l1GE8HNSWoQ6ECdbeeYdfcRNFYhfcLs9yUUlf.aSK01ePmeu","token":"","id":5}
2025-03-20 11:03:44 - INFO - [main] com.example.AddressBookApp.service.AuthenticationService : Hashpassword : $2a$10$LwneURXm2tfhdRoFBPL7ke5nsQRWfcrWSz9ZOM9PhRE89l9jdbxy. for password : Hello1@$ saved for user: {"firstName":"DummyFirstName","lastName":"DummyLastName","email":"DummyEmail@gmail.com","password":"Hello1@$","hashPass":"$2a$10$LwneURXm2tfhdRoFBPL7ke5nsQRWfcrWSz9ZOM9PhRE89l9jdbxy.","token":"","id":5}
2025-03-20 11:03:44 - INFO - [main] com.example.AddressBookApp.service.AuthenticationService : all data inside db is deleted
2025-03-20 11:03:44 - INFO - [org.springframework.amqp.rabbit.RabbitListenerEndpointContainer#0-2] org.springframework.amqp.rabbit.listener.SimpleMessageListenerContainer : Waiting for workers to finish.
2025-03-20 11:03:48 - WARN - [org.springframework.amqp.rabbit.RabbitListenerEndpointContainer#0-1] org.springframework.amqp.rabbit.listener.SimpleMessageListenerContainer : Rejecting received message(s) because the listener container has been stopped: (Body:'REGISTER|DummyEmail@gmail.com|DummyFirstName' MessageProperties [headers={}, contentType=text/plain, contentEncoding=UTF-8, contentLength=0, receivedDeliveryMode=PERSISTENT, priority=0, redelivered=false, receivedExchange=emailExchange, receivedRoutingKey=emailRoutingKey, deliveryTag=2, consumerTag=amq.ctag-FfVihSewD2paPI7bGmd-rw, consumerQueue=emailQueue])
2025-03-20 11:03:48 - INFO - [org.springframework.amqp.rabbit.RabbitListenerEndpointContainer#0-2] org.springframework.amqp.rabbit.listener.SimpleMessageListenerContainer : Successfully waited for workers to finish.
2025-03-20 11:03:48 - INFO - [SpringApplicationShutdownHook] org.springframework.orm.jpa.LocalContainerEntityManagerFactoryBean : Closing JPA EntityManagerFactory for persistence unit 'default'
2025-03-20 11:03:48 - INFO - [SpringApplicationShutdownHook] com.zaxxer.hikari.HikariDataSource : HikariPool-1 - Shutdown initiated...
2025-03-20 11:03:48 - INFO - [SpringApplicationShutdownHook] com.zaxxer.hikari.HikariDataSource : HikariPool-1 - Shutdown completed.
2025-03-20 11:05:11 - INFO - [main] com.example.AddressBookApp.serviceLayerTest.AuthenticationServiceTest : Starting AuthenticationServiceTest using Java 23.0.2 with PID 21464 (started by deves in C:\Users\deves\Documents\Spring Boot\SpringBoot-Initializer5\AddressBookApp)
2025-03-20 11:05:11 - DEBUG - [main] com.example.AddressBookApp.serviceLayerTest.AuthenticationServiceTest : Running with Spring Boot v3.2.3, Spring v6.1.4
2025-03-20 11:05:11 - INFO - [main] com.example.AddressBookApp.serviceLayerTest.AuthenticationServiceTest : The following 1 profile is active: "dev"
2025-03-20 11:05:12 - INFO - [main] org.springframework.data.repository.config.RepositoryConfigurationDelegate : Multiple Spring Data modules found, entering strict repository configuration mode
2025-03-20 11:05:12 - INFO - [main] org.springframework.data.repository.config.RepositoryConfigurationDelegate : Bootstrapping Spring Data JPA repositories in DEFAULT mode.
2025-03-20 11:05:12 - INFO - [main] org.springframework.data.repository.config.RepositoryConfigurationDelegate : Finished Spring Data repository scanning in 190 ms. Found 2 JPA repository interfaces.
2025-03-20 11:05:12 - INFO - [main] org.springframework.data.repository.config.RepositoryConfigurationDelegate : Multiple Spring Data modules found, entering strict repository configuration mode
2025-03-20 11:05:12 - INFO - [main] org.springframework.data.repository.config.RepositoryConfigurationDelegate : Bootstrapping Spring Data Redis repositories in DEFAULT mode.
2025-03-20 11:05:12 - INFO - [main] org.springframework.data.repository.config.RepositoryConfigurationExtensionSupport : Spring Data Redis - Could not safely identify store assignment for repository candidate interface com.example.AddressBookApp.repository.ContactRepository; If you want this repository to be a Redis repository, consider annotating your entities with one of these annotations: org.springframework.data.redis.core.RedisHash (preferred), or consider extending one of the following types with your repository: org.springframework.data.keyvalue.repository.KeyValueRepository
2025-03-20 11:05:12 - INFO - [main] org.springframework.data.repository.config.RepositoryConfigurationExtensionSupport : Spring Data Redis - Could not safely identify store assignment for repository candidate interface com.example.AddressBookApp.repository.UserRepository; If you want this repository to be a Redis repository, consider annotating your entities with one of these annotations: org.springframework.data.redis.core.RedisHash (preferred), or consider extending one of the following types with your repository: org.springframework.data.keyvalue.repository.KeyValueRepository
2025-03-20 11:05:12 - INFO - [main] org.springframework.data.repository.config.RepositoryConfigurationDelegate : Finished Spring Data repository scanning in 23 ms. Found 0 Redis repository interfaces.
2025-03-20 11:05:13 - INFO - [main] org.hibernate.jpa.internal.util.LogHelper : HHH000204: Processing PersistenceUnitInfo [name: default]
2025-03-20 11:05:13 - INFO - [main] org.hibernate.Version : HHH000412: Hibernate ORM core version 6.4.4.Final
2025-03-20 11:05:13 - INFO - [main] org.hibernate.cache.internal.RegionFactoryInitiator : HHH000026: Second-level cache disabled
2025-03-20 11:05:14 - INFO - [main] org.springframework.orm.jpa.persistenceunit.SpringPersistenceUnitInfo : No LoadTimeWeaver setup: ignoring JPA class transformer
2025-03-20 11:05:14 - INFO - [main] com.zaxxer.hikari.HikariDataSource : HikariPool-1 - Starting...
2025-03-20 11:05:14 - INFO - [main] com.zaxxer.hikari.pool.HikariPool : HikariPool-1 - Added connection com.mysql.cj.jdbc.ConnectionImpl@4e1a3d5a
2025-03-20 11:05:14 - INFO - [main] com.zaxxer.hikari.HikariDataSource : HikariPool-1 - Start completed.
2025-03-20 11:05:15 - WARN - [main] org.hibernate.orm.deprecation : HHH90000025: MySQLDialect does not need to be specified explicitly using 'hibernate.dialect' (remove the property setting and it will be selected by default)
2025-03-20 11:05:16 - INFO - [main] org.hibernate.engine.transaction.jta.platform.internal.JtaPlatformInitiator : HHH000489: No JTA platform available (set 'hibernate.transaction.jta.platform' to enable JTA platform integration)
2025-03-20 11:05:16 - INFO - [main] org.springframework.orm.jpa.LocalContainerEntityManagerFactoryBean : Initialized JPA EntityManagerFactory for persistence unit 'default'
2025-03-20 11:05:18 - WARN - [main] org.springframework.boot.autoconfigure.orm.jpa.JpaBaseConfiguration$JpaWebConfiguration : spring.jpa.open-in-view is enabled by default. Therefore, database queries may be performed during view rendering. Explicitly configure spring.jpa.open-in-view to disable this warning
2025-03-20 11:05:18 - WARN - [main] org.springframework.boot.autoconfigure.security.servlet.UserDetailsServiceAutoConfiguration : 

Using generated security password: fea2efec-d0db-4ecd-999b-8d41f95c78e3

This generated password is for development use only. Your security configuration must be updated before running your application in production.

2025-03-20 11:05:18 - INFO - [main] org.springframework.security.web.DefaultSecurityFilterChain : Will secure any request with [org.springframework.security.web.session.DisableEncodeUrlFilter@7066c00a, org.springframework.security.web.context.request.async.WebAsyncManagerIntegrationFilter@2914f916, org.springframework.security.web.context.SecurityContextHolderFilter@72499396, org.springframework.security.web.header.HeaderWriterFilter@7b0d88e0, org.springframework.web.filter.CorsFilter@2140de63, org.springframework.security.web.authentication.logout.LogoutFilter@4b55652a, org.springframework.security.web.savedrequest.RequestCacheAwareFilter@651bec9a, org.springframework.security.web.servletapi.SecurityContextHolderAwareRequestFilter@76d4e1af, org.springframework.security.web.authentication.AnonymousAuthenticationFilter@2da273b3, org.springframework.security.web.access.ExceptionTranslationFilter@219bad15, org.springframework.security.web.access.intercept.AuthorizationFilter@22cf6c9c]
2025-03-20 11:05:19 - INFO - [main] org.springframework.amqp.rabbit.connection.CachingConnectionFactory : Attempting to connect to: [localhost:5672]
2025-03-20 11:05:19 - INFO - [main] org.springframework.amqp.rabbit.connection.CachingConnectionFactory : Created new connection: rabbitConnectionFactory#24b05292:0/SimpleConnection@34b56a5a [delegate=amqp://guest@127.0.0.1:5672/, localPort=50770]
2025-03-20 11:05:19 - INFO - [main] com.example.AddressBookApp.serviceLayerTest.AuthenticationServiceTest : Started AuthenticationServiceTest in 8.647 seconds (process running for 10.372)
2025-03-20 11:05:20 - WARN - [main] org.hibernate.engine.jdbc.spi.SqlExceptionHelper : SQL Error: 1451, SQLState: 23000
2025-03-20 11:05:20 - ERROR - [main] org.hibernate.engine.jdbc.spi.SqlExceptionHelper : Cannot delete or update a parent row: a foreign key constraint fails (`contacts`.`password_reset_token`, CONSTRAINT `FK83nsrttkwkb6ym0anu051mtxn` FOREIGN KEY (`user_id`) REFERENCES `users` (`id`))
2025-03-20 11:05:20 - WARN - [main] org.hibernate.engine.jdbc.spi.SqlExceptionHelper : SQL Error: 1451, SQLState: 23000
2025-03-20 11:05:20 - ERROR - [main] org.hibernate.engine.jdbc.spi.SqlExceptionHelper : Cannot delete or update a parent row: a foreign key constraint fails (`contacts`.`password_reset_token`, CONSTRAINT `FK83nsrttkwkb6ym0anu051mtxn` FOREIGN KEY (`user_id`) REFERENCES `users` (`id`))
2025-03-20 11:05:20 - WARN - [main] org.hibernate.engine.jdbc.spi.SqlExceptionHelper : SQL Error: 1451, SQLState: 23000
2025-03-20 11:05:20 - ERROR - [main] org.hibernate.engine.jdbc.spi.SqlExceptionHelper : Cannot delete or update a parent row: a foreign key constraint fails (`contacts`.`password_reset_token`, CONSTRAINT `FK83nsrttkwkb6ym0anu051mtxn` FOREIGN KEY (`user_id`) REFERENCES `users` (`id`))
2025-03-20 11:05:20 - WARN - [main] org.hibernate.engine.jdbc.spi.SqlExceptionHelper : SQL Error: 1451, SQLState: 23000
2025-03-20 11:05:20 - ERROR - [main] org.hibernate.engine.jdbc.spi.SqlExceptionHelper : Cannot delete or update a parent row: a foreign key constraint fails (`contacts`.`password_reset_token`, CONSTRAINT `FK83nsrttkwkb6ym0anu051mtxn` FOREIGN KEY (`user_id`) REFERENCES `users` (`id`))
2025-03-20 11:05:20 - WARN - [main] org.hibernate.engine.jdbc.spi.SqlExceptionHelper : SQL Error: 1451, SQLState: 23000
2025-03-20 11:05:20 - ERROR - [main] org.hibernate.engine.jdbc.spi.SqlExceptionHelper : Cannot delete or update a parent row: a foreign key constraint fails (`contacts`.`password_reset_token`, CONSTRAINT `FK83nsrttkwkb6ym0anu051mtxn` FOREIGN KEY (`user_id`) REFERENCES `users` (`id`))
2025-03-20 11:05:20 - WARN - [main] org.hibernate.engine.jdbc.spi.SqlExceptionHelper : SQL Error: 1451, SQLState: 23000
2025-03-20 11:05:20 - ERROR - [main] org.hibernate.engine.jdbc.spi.SqlExceptionHelper : Cannot delete or update a parent row: a foreign key constraint fails (`contacts`.`password_reset_token`, CONSTRAINT `FK83nsrttkwkb6ym0anu051mtxn` FOREIGN KEY (`user_id`) REFERENCES `users` (`id`))
2025-03-20 11:05:20 - WARN - [main] org.hibernate.engine.jdbc.spi.SqlExceptionHelper : SQL Error: 1451, SQLState: 23000
2025-03-20 11:05:20 - ERROR - [main] org.hibernate.engine.jdbc.spi.SqlExceptionHelper : Cannot delete or update a parent row: a foreign key constraint fails (`contacts`.`password_reset_token`, CONSTRAINT `FK83nsrttkwkb6ym0anu051mtxn` FOREIGN KEY (`user_id`) REFERENCES `users` (`id`))
2025-03-20 11:05:20 - WARN - [main] org.hibernate.engine.jdbc.spi.SqlExceptionHelper : SQL Error: 1451, SQLState: 23000
2025-03-20 11:05:20 - ERROR - [main] org.hibernate.engine.jdbc.spi.SqlExceptionHelper : Cannot delete or update a parent row: a foreign key constraint fails (`contacts`.`password_reset_token`, CONSTRAINT `FK83nsrttkwkb6ym0anu051mtxn` FOREIGN KEY (`user_id`) REFERENCES `users` (`id`))
2025-03-20 11:05:20 - INFO - [org.springframework.amqp.rabbit.RabbitListenerEndpointContainer#0-2] org.springframework.amqp.rabbit.listener.SimpleMessageListenerContainer : Waiting for workers to finish.
2025-03-20 11:05:24 - WARN - [org.springframework.amqp.rabbit.RabbitListenerEndpointContainer#0-1] org.springframework.amqp.rabbit.listener.SimpleMessageListenerContainer : Rejecting received message(s) because the listener container has been stopped: (Body:'REGISTER|TempEmail@gmail.com|FirstName' MessageProperties [headers={}, contentType=text/plain, contentEncoding=UTF-8, contentLength=0, receivedDeliveryMode=PERSISTENT, priority=0, redelivered=true, receivedExchange=emailExchange, receivedRoutingKey=emailRoutingKey, deliveryTag=2, consumerTag=amq.ctag-HsWKTPGw3LipCO9M8j1ubA, consumerQueue=emailQueue])
2025-03-20 11:05:24 - INFO - [org.springframework.amqp.rabbit.RabbitListenerEndpointContainer#0-2] org.springframework.amqp.rabbit.listener.SimpleMessageListenerContainer : Successfully waited for workers to finish.
2025-03-20 11:05:24 - INFO - [SpringApplicationShutdownHook] org.springframework.orm.jpa.LocalContainerEntityManagerFactoryBean : Closing JPA EntityManagerFactory for persistence unit 'default'
2025-03-20 11:05:24 - INFO - [SpringApplicationShutdownHook] com.zaxxer.hikari.HikariDataSource : HikariPool-1 - Shutdown initiated...
2025-03-20 11:05:24 - INFO - [SpringApplicationShutdownHook] com.zaxxer.hikari.HikariDataSource : HikariPool-1 - Shutdown completed.
2025-03-20 11:05:32 - INFO - [main] com.example.AddressBookApp.AddressBookAppApplication : Starting AddressBookAppApplication using Java 23.0.2 with PID 4492 (C:\Users\deves\Documents\Spring Boot\SpringBoot-Initializer5\AddressBookApp\target\classes started by deves in C:\Users\deves\Documents\Spring Boot\SpringBoot-Initializer5\AddressBookApp)
2025-03-20 11:05:32 - DEBUG - [main] com.example.AddressBookApp.AddressBookAppApplication : Running with Spring Boot v3.2.3, Spring v6.1.4
2025-03-20 11:05:32 - INFO - [main] com.example.AddressBookApp.AddressBookAppApplication : The following 1 profile is active: "dev"
2025-03-20 11:05:33 - INFO - [main] org.springframework.data.repository.config.RepositoryConfigurationDelegate : Multiple Spring Data modules found, entering strict repository configuration mode
2025-03-20 11:05:33 - INFO - [main] org.springframework.data.repository.config.RepositoryConfigurationDelegate : Bootstrapping Spring Data JPA repositories in DEFAULT mode.
2025-03-20 11:05:33 - INFO - [main] org.springframework.data.repository.config.RepositoryConfigurationDelegate : Finished Spring Data repository scanning in 178 ms. Found 2 JPA repository interfaces.
2025-03-20 11:05:33 - INFO - [main] org.springframework.data.repository.config.RepositoryConfigurationDelegate : Multiple Spring Data modules found, entering strict repository configuration mode
2025-03-20 11:05:33 - INFO - [main] org.springframework.data.repository.config.RepositoryConfigurationDelegate : Bootstrapping Spring Data Redis repositories in DEFAULT mode.
2025-03-20 11:05:33 - INFO - [main] org.springframework.data.repository.config.RepositoryConfigurationExtensionSupport : Spring Data Redis - Could not safely identify store assignment for repository candidate interface com.example.AddressBookApp.repository.ContactRepository; If you want this repository to be a Redis repository, consider annotating your entities with one of these annotations: org.springframework.data.redis.core.RedisHash (preferred), or consider extending one of the following types with your repository: org.springframework.data.keyvalue.repository.KeyValueRepository
2025-03-20 11:05:33 - INFO - [main] org.springframework.data.repository.config.RepositoryConfigurationExtensionSupport : Spring Data Redis - Could not safely identify store assignment for repository candidate interface com.example.AddressBookApp.repository.UserRepository; If you want this repository to be a Redis repository, consider annotating your entities with one of these annotations: org.springframework.data.redis.core.RedisHash (preferred), or consider extending one of the following types with your repository: org.springframework.data.keyvalue.repository.KeyValueRepository
2025-03-20 11:05:33 - INFO - [main] org.springframework.data.repository.config.RepositoryConfigurationDelegate : Finished Spring Data repository scanning in 20 ms. Found 0 Redis repository interfaces.
2025-03-20 11:05:34 - INFO - [main] org.springframework.boot.web.embedded.tomcat.TomcatWebServer : Tomcat initialized with port 8080 (http)
2025-03-20 11:05:34 - INFO - [main] org.apache.catalina.core.StandardService : Starting service [Tomcat]
2025-03-20 11:05:34 - INFO - [main] org.apache.catalina.core.StandardEngine : Starting Servlet engine: [Apache Tomcat/10.1.19]
2025-03-20 11:05:34 - INFO - [main] org.apache.catalina.core.ContainerBase.[Tomcat].[localhost].[/] : Initializing Spring embedded WebApplicationContext
2025-03-20 11:05:34 - INFO - [main] org.springframework.boot.web.servlet.context.ServletWebServerApplicationContext : Root WebApplicationContext: initialization completed in 2362 ms
2025-03-20 11:05:35 - INFO - [main] org.hibernate.jpa.internal.util.LogHelper : HHH000204: Processing PersistenceUnitInfo [name: default]
2025-03-20 11:05:35 - INFO - [main] org.hibernate.Version : HHH000412: Hibernate ORM core version 6.4.4.Final
2025-03-20 11:05:35 - INFO - [main] org.hibernate.cache.internal.RegionFactoryInitiator : HHH000026: Second-level cache disabled
2025-03-20 11:05:35 - INFO - [main] org.springframework.orm.jpa.persistenceunit.SpringPersistenceUnitInfo : No LoadTimeWeaver setup: ignoring JPA class transformer
2025-03-20 11:05:35 - INFO - [main] com.zaxxer.hikari.HikariDataSource : HikariPool-1 - Starting...
2025-03-20 11:05:36 - INFO - [main] com.zaxxer.hikari.pool.HikariPool : HikariPool-1 - Added connection com.mysql.cj.jdbc.ConnectionImpl@7a34c1f6
2025-03-20 11:05:36 - INFO - [main] com.zaxxer.hikari.HikariDataSource : HikariPool-1 - Start completed.
2025-03-20 11:05:36 - WARN - [main] org.hibernate.orm.deprecation : HHH90000025: MySQLDialect does not need to be specified explicitly using 'hibernate.dialect' (remove the property setting and it will be selected by default)
2025-03-20 11:05:37 - INFO - [main] org.hibernate.engine.transaction.jta.platform.internal.JtaPlatformInitiator : HHH000489: No JTA platform available (set 'hibernate.transaction.jta.platform' to enable JTA platform integration)
2025-03-20 11:05:37 - INFO - [main] org.springframework.orm.jpa.LocalContainerEntityManagerFactoryBean : Initialized JPA EntityManagerFactory for persistence unit 'default'
2025-03-20 11:05:38 - WARN - [main] org.springframework.boot.autoconfigure.orm.jpa.JpaBaseConfiguration$JpaWebConfiguration : spring.jpa.open-in-view is enabled by default. Therefore, database queries may be performed during view rendering. Explicitly configure spring.jpa.open-in-view to disable this warning
2025-03-20 11:05:38 - WARN - [main] org.springframework.boot.autoconfigure.security.servlet.UserDetailsServiceAutoConfiguration : 

Using generated security password: b33670fc-05c3-44cf-acb8-58924a99c06c

This generated password is for development use only. Your security configuration must be updated before running your application in production.

2025-03-20 11:05:39 - INFO - [main] org.springframework.security.web.DefaultSecurityFilterChain : Will secure any request with [org.springframework.security.web.session.DisableEncodeUrlFilter@2dac4d04, org.springframework.security.web.context.request.async.WebAsyncManagerIntegrationFilter@367a245e, org.springframework.security.web.context.SecurityContextHolderFilter@4a577b99, org.springframework.security.web.header.HeaderWriterFilter@12939937, org.springframework.web.filter.CorsFilter@65b17373, org.springframework.security.web.authentication.logout.LogoutFilter@1227ea21, org.springframework.security.web.savedrequest.RequestCacheAwareFilter@50c442a5, org.springframework.security.web.servletapi.SecurityContextHolderAwareRequestFilter@4eb313ed, org.springframework.security.web.authentication.AnonymousAuthenticationFilter@563bf9d2, org.springframework.security.web.access.ExceptionTranslationFilter@23bf19c9, org.springframework.security.web.access.intercept.AuthorizationFilter@21c7415e]
2025-03-20 11:05:39 - INFO - [main] org.springframework.boot.web.embedded.tomcat.TomcatWebServer : Tomcat started on port 8080 (http) with context path ''
2025-03-20 11:05:39 - INFO - [main] org.springframework.amqp.rabbit.connection.CachingConnectionFactory : Attempting to connect to: [localhost:5672]
2025-03-20 11:05:39 - INFO - [main] org.springframework.amqp.rabbit.connection.CachingConnectionFactory : Created new connection: rabbitConnectionFactory#58d635de:0/SimpleConnection@2c51ff83 [delegate=amqp://guest@127.0.0.1:5672/, localPort=50794]
2025-03-20 11:05:39 - INFO - [main] com.example.AddressBookApp.AddressBookAppApplication : Started AddressBookAppApplication in 7.888 seconds (process running for 8.885)
2025-03-20 11:06:29 - INFO - [org.springframework.amqp.rabbit.RabbitListenerEndpointContainer#0-2] org.springframework.amqp.rabbit.listener.SimpleMessageListenerContainer : Waiting for workers to finish.
2025-03-20 11:06:30 - INFO - [org.springframework.amqp.rabbit.RabbitListenerEndpointContainer#0-2] org.springframework.amqp.rabbit.listener.SimpleMessageListenerContainer : Successfully waited for workers to finish.
2025-03-20 11:06:30 - INFO - [SpringApplicationShutdownHook] org.springframework.orm.jpa.LocalContainerEntityManagerFactoryBean : Closing JPA EntityManagerFactory for persistence unit 'default'
2025-03-20 11:06:30 - INFO - [SpringApplicationShutdownHook] com.zaxxer.hikari.HikariDataSource : HikariPool-1 - Shutdown initiated...
2025-03-20 11:06:30 - INFO - [SpringApplicationShutdownHook] com.zaxxer.hikari.HikariDataSource : HikariPool-1 - Shutdown completed.
